Running test with user ankush
-- Generating ;/home/ankush/Assigments/Start/assignment-autotest/test/assignment1/Test_hello_Runner.c;/home/ankush/Assigments/Start/assignment-autotest/test/assignment1/Test_assignment_validate_Runner.c;/home/ankush/Assigments/Start/assignment-autotest/../student-test/assignment1/Test_validate_username_Runner.c from test/assignment1/Test_hello.c;test/assignment1/Test_assignment_validate.c;../student-test/assignment1/Test_validate_username.c
-- Building executable including ;/home/ankush/Assigments/Start/assignment-autotest/test/assignment1/Test_hello_Runner.c;/home/ankush/Assigments/Start/assignment-autotest/test/assignment1/Test_assignment_validate_Runner.c;/home/ankush/Assigments/Start/assignment-autotest/../student-test/assignment1/Test_validate_username_Runner.c test/assignment1/Test_hello.c;test/assignment1/Test_assignment_validate.c;../student-test/assignment1/Test_validate_username.c and ../examples/autotest-validate/autotest-validate.c
-- Configuring done
-- Generating done
-- Build files have been written to: /home/ankush/Assigments/Start/build
[  8%] Building C object assignment-autotest/Unity/src/CMakeFiles/unity.dir/unity.c.o
[ 16%] Linking C static library libunity.a
[ 16%] Built target unity
[ 25%] Generating ../../assignment-autotest/test/assignment1/Test_hello_Runner.c, ../../assignment-autotest/test/assignment1/Test_assignment_validate_Runner.c, ../../student-test/assignment1/Test_validate_username_Runner.c, ../../assignment-autotest/test/unity_runner.c
Test files for auto dependency generation test/assignment1/Test_hello.c test/assignment1/Test_assignment_validate.c ../student-test/assignment1/Test_validate_username.c
Autogenerating runner for test/assignment1/Test_hello.c
Autogenerating runner for test/assignment1/Test_assignment_validate.c
Autogenerating runner for ../student-test/assignment1/Test_validate_username.c
Autogenerating test/unity_runner.c
Scanning dependencies of target assignment-autotest
[ 33%] Building C object assignment-autotest/CMakeFiles/assignment-autotest.dir/test/assignment1/Test_hello.c.o
[ 41%] Building C object assignment-autotest/CMakeFiles/assignment-autotest.dir/test/assignment1/Test_assignment_validate.c.o
[ 50%] Building C object assignment-autotest/CMakeFiles/assignment-autotest.dir/__/student-test/assignment1/Test_validate_username.c.o
[ 58%] Building C object assignment-autotest/CMakeFiles/assignment-autotest.dir/test/assignment1/Test_hello_Runner.c.o
[ 66%] Building C object assignment-autotest/CMakeFiles/assignment-autotest.dir/test/assignment1/Test_assignment_validate_Runner.c.o
[ 75%] Building C object assignment-autotest/CMakeFiles/assignment-autotest.dir/__/student-test/assignment1/Test_validate_username_Runner.c.o
[ 83%] Building C object assignment-autotest/CMakeFiles/assignment-autotest.dir/__/examples/autotest-validate/autotest-validate.c.o
[ 91%] Building C object assignment-autotest/CMakeFiles/assignment-autotest.dir/test/unity_runner.c.o
[100%] Linking C executable assignment-autotest
[100%] Built target assignment-autotest
/home/ankush/Assigments/Start/assignment-autotest/test/assignment1/Test_hello.c:6:test_hello:INFO: Hello!  Your unity setup is working!
/home/ankush/Assigments/Start/assignment-autotest/test/assignment1/Test_hello.c:4:test_hello:PASS

-----------------------
1 Tests 0 Failures 0 Ignored 
OK
/home/ankush/Assigments/Start/assignment-autotest/test/assignment1/Test_assignment_validate.c:9:test_assignment_validate:PASS

-----------------------
1 Tests 0 Failures 0 Ignored 
OK
Read Ankushgarg1234 from conf/username.txt
/home/ankush/Assigments/Start/assignment-autotest/../student-test/assignment1/Test_validate_username.c:15:test_validate_my_username:PASS

-----------------------
1 Tests 0 Failures 0 Ignored 
OK
Executing assignment test script
~/Assigments/Start/assignment-autotest/test/assignment1 ~/Assigments/Start
~/Assigments/Start/finder-app ~/Assigments/Start/assignment-autotest/test/assignment1 ~/Assigments/Start
FAILED: Missing Parameters
FAILED: Missing Parameters
Using default value AELD_IS_FUN for string to write
Using default value 10 for number of files to write
Writing 10 files containing string AELD_IS_FUN to /tmp/aeld-data
File created Successfully
File created Successfully
File created Successfully
File created Successfully
File created Successfully
File created Successfully
File created Successfully
File created Successfully
File created Successfully
File created Successfully
The number of files are 10 and the number of matching lines are 10
success
Writing 10 files containing string AELD_IS_FUN to /tmp/aeld-data/yDB7oGl0QqSb7TOnYzCVwWvhUJuY1ovb
File created Successfully
File created Successfully
File created Successfully
File created Successfully
File created Successfully
File created Successfully
File created Successfully
File created Successfully
File created Successfully
File created Successfully
The number of files are 10 and the number of matching lines are 10
success
Test of assignment assignment1 complete with success
Running test with user ankush
-- Generating ;/home/ankush/Assigments/Start/assignment-autotest/test/assignment1/Test_hello_Runner.c;/home/ankush/Assigments/Start/assignment-autotest/test/assignment1/Test_assignment_validate_Runner.c;/home/ankush/Assigments/Start/assignment-autotest/../student-test/assignment1/Test_validate_username_Runner.c from test/assignment1/Test_hello.c;test/assignment1/Test_assignment_validate.c;../student-test/assignment1/Test_validate_username.c
-- Building executable including ;/home/ankush/Assigments/Start/assignment-autotest/test/assignment1/Test_hello_Runner.c;/home/ankush/Assigments/Start/assignment-autotest/test/assignment1/Test_assignment_validate_Runner.c;/home/ankush/Assigments/Start/assignment-autotest/../student-test/assignment1/Test_validate_username_Runner.c test/assignment1/Test_hello.c;test/assignment1/Test_assignment_validate.c;../student-test/assignment1/Test_validate_username.c and ../examples/autotest-validate/autotest-validate.c
-- Configuring done
-- Generating done
-- Build files have been written to: /home/ankush/Assigments/Start/build
[  8%] Building C object assignment-autotest/Unity/src/CMakeFiles/unity.dir/unity.c.o
[ 16%] Linking C static library libunity.a
[ 16%] Built target unity
[ 25%] Generating ../../assignment-autotest/test/assignment1/Test_hello_Runner.c, ../../assignment-autotest/test/assignment1/Test_assignment_validate_Runner.c, ../../student-test/assignment1/Test_validate_username_Runner.c, ../../assignment-autotest/test/unity_runner.c
Test files for auto dependency generation test/assignment1/Test_hello.c test/assignment1/Test_assignment_validate.c ../student-test/assignment1/Test_validate_username.c
Autogenerating runner for test/assignment1/Test_hello.c
Autogenerating runner for test/assignment1/Test_assignment_validate.c
Autogenerating runner for ../student-test/assignment1/Test_validate_username.c
Autogenerating test/unity_runner.c
Scanning dependencies of target assignment-autotest
[ 33%] Building C object assignment-autotest/CMakeFiles/assignment-autotest.dir/test/assignment1/Test_hello.c.o
[ 41%] Building C object assignment-autotest/CMakeFiles/assignment-autotest.dir/test/assignment1/Test_assignment_validate.c.o
[ 50%] Building C object assignment-autotest/CMakeFiles/assignment-autotest.dir/__/student-test/assignment1/Test_validate_username.c.o
[ 58%] Building C object assignment-autotest/CMakeFiles/assignment-autotest.dir/test/assignment1/Test_hello_Runner.c.o
[ 66%] Building C object assignment-autotest/CMakeFiles/assignment-autotest.dir/test/assignment1/Test_assignment_validate_Runner.c.o
[ 75%] Building C object assignment-autotest/CMakeFiles/assignment-autotest.dir/__/student-test/assignment1/Test_validate_username_Runner.c.o
[ 83%] Building C object assignment-autotest/CMakeFiles/assignment-autotest.dir/__/examples/autotest-validate/autotest-validate.c.o
[ 91%] Building C object assignment-autotest/CMakeFiles/assignment-autotest.dir/test/unity_runner.c.o
[100%] Linking C executable assignment-autotest
[100%] Built target assignment-autotest
/home/ankush/Assigments/Start/assignment-autotest/test/assignment1/Test_hello.c:6:test_hello:INFO: Hello!  Your unity setup is working!
/home/ankush/Assigments/Start/assignment-autotest/test/assignment1/Test_hello.c:4:test_hello:PASS

-----------------------
1 Tests 0 Failures 0 Ignored 
OK
/home/ankush/Assigments/Start/assignment-autotest/test/assignment1/Test_assignment_validate.c:9:test_assignment_validate:PASS

-----------------------
1 Tests 0 Failures 0 Ignored 
OK
Read Ankushgarg1234 from conf/username.txt
/home/ankush/Assigments/Start/assignment-autotest/../student-test/assignment1/Test_validate_username.c:15:test_validate_my_username:PASS

-----------------------
1 Tests 0 Failures 0 Ignored 
OK
Executing assignment test script
~/Assigments/Start/assignment-autotest/test/assignment1 ~/Assigments/Start
~/Assigments/Start/finder-app ~/Assigments/Start/assignment-autotest/test/assignment1 ~/Assigments/Start
FAILED: Missing Parameters
FAILED: Missing Parameters
Using default value AELD_IS_FUN for string to write
Using default value 10 for number of files to write
Writing 10 files containing string AELD_IS_FUN to /tmp/aeld-data
File created Successfully
File created Successfully
File created Successfully
File created Successfully
File created Successfully
File created Successfully
File created Successfully
File created Successfully
File created Successfully
File created Successfully
The number of files are 10 and the number of matching lines are 10
success
Writing 10 files containing string AELD_IS_FUN to /tmp/aeld-data/rM5pu9HQf9PKwu8iaHjG2E7RK84XusQd
File created Successfully
File created Successfully
File created Successfully
File created Successfully
File created Successfully
File created Successfully
File created Successfully
File created Successfully
File created Successfully
File created Successfully
The number of files are 10 and the number of matching lines are 10
success
Test of assignment assignment1 complete with success
Running test with user ankush
-- Generating ;/home/ankush/Assigments/Start/assignment-autotest/test/assignment1/Test_hello_Runner.c;/home/ankush/Assigments/Start/assignment-autotest/test/assignment1/Test_assignment_validate_Runner.c;/home/ankush/Assigments/Start/assignment-autotest/../student-test/assignment1/Test_validate_username_Runner.c from test/assignment1/Test_hello.c;test/assignment1/Test_assignment_validate.c;../student-test/assignment1/Test_validate_username.c
-- Building executable including ;/home/ankush/Assigments/Start/assignment-autotest/test/assignment1/Test_hello_Runner.c;/home/ankush/Assigments/Start/assignment-autotest/test/assignment1/Test_assignment_validate_Runner.c;/home/ankush/Assigments/Start/assignment-autotest/../student-test/assignment1/Test_validate_username_Runner.c test/assignment1/Test_hello.c;test/assignment1/Test_assignment_validate.c;../student-test/assignment1/Test_validate_username.c and ../examples/autotest-validate/autotest-validate.c
-- Configuring done
-- Generating done
-- Build files have been written to: /home/ankush/Assigments/Start/build
[  8%] Building C object assignment-autotest/Unity/src/CMakeFiles/unity.dir/unity.c.o
[ 16%] Linking C static library libunity.a
[ 16%] Built target unity
[ 25%] Generating ../../assignment-autotest/test/assignment1/Test_hello_Runner.c, ../../assignment-autotest/test/assignment1/Test_assignment_validate_Runner.c, ../../student-test/assignment1/Test_validate_username_Runner.c, ../../assignment-autotest/test/unity_runner.c
Test files for auto dependency generation test/assignment1/Test_hello.c test/assignment1/Test_assignment_validate.c ../student-test/assignment1/Test_validate_username.c
Autogenerating runner for test/assignment1/Test_hello.c
Autogenerating runner for test/assignment1/Test_assignment_validate.c
Autogenerating runner for ../student-test/assignment1/Test_validate_username.c
Autogenerating test/unity_runner.c
Scanning dependencies of target assignment-autotest
[ 33%] Building C object assignment-autotest/CMakeFiles/assignment-autotest.dir/test/assignment1/Test_hello.c.o
[ 41%] Building C object assignment-autotest/CMakeFiles/assignment-autotest.dir/test/assignment1/Test_assignment_validate.c.o
[ 50%] Building C object assignment-autotest/CMakeFiles/assignment-autotest.dir/__/student-test/assignment1/Test_validate_username.c.o
[ 58%] Building C object assignment-autotest/CMakeFiles/assignment-autotest.dir/test/assignment1/Test_hello_Runner.c.o
[ 66%] Building C object assignment-autotest/CMakeFiles/assignment-autotest.dir/test/assignment1/Test_assignment_validate_Runner.c.o
[ 75%] Building C object assignment-autotest/CMakeFiles/assignment-autotest.dir/__/student-test/assignment1/Test_validate_username_Runner.c.o
[ 83%] Building C object assignment-autotest/CMakeFiles/assignment-autotest.dir/__/examples/autotest-validate/autotest-validate.c.o
[ 91%] Building C object assignment-autotest/CMakeFiles/assignment-autotest.dir/test/unity_runner.c.o
[100%] Linking C executable assignment-autotest
[100%] Built target assignment-autotest
/home/ankush/Assigments/Start/assignment-autotest/test/assignment1/Test_hello.c:6:test_hello:INFO: Hello!  Your unity setup is working!
/home/ankush/Assigments/Start/assignment-autotest/test/assignment1/Test_hello.c:4:test_hello:PASS

-----------------------
1 Tests 0 Failures 0 Ignored 
OK
/home/ankush/Assigments/Start/assignment-autotest/test/assignment1/Test_assignment_validate.c:9:test_assignment_validate:PASS

-----------------------
1 Tests 0 Failures 0 Ignored 
OK
Read Ankushgarg1234 from conf/username.txt
/home/ankush/Assigments/Start/assignment-autotest/../student-test/assignment1/Test_validate_username.c:15:test_validate_my_username:PASS

-----------------------
1 Tests 0 Failures 0 Ignored 
OK
Executing assignment test script
~/Assigments/Start/assignment-autotest/test/assignment1 ~/Assigments/Start
~/Assigments/Start/finder-app ~/Assigments/Start/assignment-autotest/test/assignment1 ~/Assigments/Start
FAILED: Missing Parameters
FAILED: Missing Parameters
Using default value AELD_IS_FUN for string to write
Using default value 10 for number of files to write
Writing 10 files containing string AELD_IS_FUN to /tmp/aeld-data
File created Successfully
File created Successfully
File created Successfully
File created Successfully
File created Successfully
File created Successfully
File created Successfully
File created Successfully
File created Successfully
File created Successfully
The number of files are 10 and the number of matching lines are 10
success
Writing 10 files containing string AELD_IS_FUN to /tmp/aeld-data/pvh4NaRGfHqWXKTa86yC2t7yZFtFJ6Jh
File created Successfully
File created Successfully
File created Successfully
File created Successfully
File created Successfully
File created Successfully
File created Successfully
File created Successfully
File created Successfully
File created Successfully
The number of files are 10 and the number of matching lines are 10
success
Test of assignment assignment1 complete with success
Running test with user ankush
CMake Error: The current CMakeCache.txt directory /home/ankush/Assignment1/Assignment1/build/CMakeCache.txt is different than the directory /home/ankush/Assigments/Start/build where CMakeCache.txt was created. This may result in binaries being created in the wrong place. If you are not sure, reedit the CMakeCache.txt
CMake Error: The source "/home/ankush/Assignment1/Assignment1/CMakeLists.txt" does not match the source "/home/ankush/Assigments/Start/CMakeLists.txt" used to generate cache.  Re-run cmake with a different source directory.
-- Generating ;/home/ankush/Assigments/Start/assignment-autotest/test/assignment1/Test_hello_Runner.c;/home/ankush/Assigments/Start/assignment-autotest/test/assignment1/Test_assignment_validate_Runner.c;/home/ankush/Assigments/Start/assignment-autotest/../student-test/assignment1/Test_validate_username_Runner.c from test/assignment1/Test_hello.c;test/assignment1/Test_assignment_validate.c;../student-test/assignment1/Test_validate_username.c
-- Building executable including ;/home/ankush/Assigments/Start/assignment-autotest/test/assignment1/Test_hello_Runner.c;/home/ankush/Assigments/Start/assignment-autotest/test/assignment1/Test_assignment_validate_Runner.c;/home/ankush/Assigments/Start/assignment-autotest/../student-test/assignment1/Test_validate_username_Runner.c test/assignment1/Test_hello.c;test/assignment1/Test_assignment_validate.c;../student-test/assignment1/Test_validate_username.c and ../examples/autotest-validate/autotest-validate.c
-- Configuring done
-- Generating done
-- Build files have been written to: /home/ankush/Assigments/Start/build
[  8%] Building C object assignment-autotest/Unity/src/CMakeFiles/unity.dir/unity.c.o
[ 16%] Built target unity
[ 25%] Generating ../../assignment-autotest/test/assignment1/Test_hello_Runner.c, ../../assignment-autotest/test/assignment1/Test_assignment_validate_Runner.c, ../../student-test/assignment1/Test_validate_username_Runner.c, ../../assignment-autotest/test/unity_runner.c
Test files for auto dependency generation test/assignment1/Test_hello.c test/assignment1/Test_assignment_validate.c ../student-test/assignment1/Test_validate_username.c
Autogenerating runner for test/assignment1/Test_hello.c
Autogenerating runner for test/assignment1/Test_assignment_validate.c
Autogenerating runner for ../student-test/assignment1/Test_validate_username.c
Autogenerating test/unity_runner.c
Scanning dependencies of target assignment-autotest
[ 33%] Building C object assignment-autotest/CMakeFiles/assignment-autotest.dir/test/assignment1/Test_hello.c.o
[ 41%] Building C object assignment-autotest/CMakeFiles/assignment-autotest.dir/test/assignment1/Test_assignment_validate.c.o
[ 50%] Building C object assignment-autotest/CMakeFiles/assignment-autotest.dir/__/student-test/assignment1/Test_validate_username.c.o
[ 50%] Generating ../../assignment-autotest/test/assignment1/Test_hello_Runner.c, ../../assignment-autotest/test/assignment1/Test_assignment_validate_Runner.c, ../../student-test/assignment1/Test_validate_username_Runner.c, ../../assignment-autotest/test/unity_runner.c
Test files for auto dependency generation test/assignment1/Test_hello.c test/assignment1/Test_assignment_validate.c ../student-test/assignment1/Test_validate_username.c
Autogenerating runner for test/assignment1/Test_hello.c
Autogenerating runner for test/assignment1/Test_assignment_validate.c
Autogenerating runner for ../student-test/assignment1/Test_validate_username.c
Autogenerating test/unity_runner.c
[ 58%] Building C object assignment-autotest/CMakeFiles/assignment-autotest.dir/test/assignment1/Test_hello_Runner.c.o
[ 66%] Building C object assignment-autotest/CMakeFiles/assignment-autotest.dir/test/assignment1/Test_assignment_validate_Runner.c.o
[ 75%] Building C object assignment-autotest/CMakeFiles/assignment-autotest.dir/__/student-test/assignment1/Test_validate_username_Runner.c.o
[ 83%] Building C object assignment-autotest/CMakeFiles/assignment-autotest.dir/test/unity_runner.c.o
[100%] Built target assignment-autotest
/home/ankush/Assigments/Start/assignment-autotest/test/assignment1/Test_hello.c:6:test_hello:INFO: Hello!  Your unity setup is working!
/home/ankush/Assigments/Start/assignment-autotest/test/assignment1/Test_hello.c:4:test_hello:PASS

-----------------------
1 Tests 0 Failures 0 Ignored 
OK
/home/ankush/Assigments/Start/assignment-autotest/test/assignment1/Test_assignment_validate.c:9:test_assignment_validate:PASS

-----------------------
1 Tests 0 Failures 0 Ignored 
OK
Read Ankushgarg1234 from conf/username.txt
/home/ankush/Assigments/Start/assignment-autotest/../student-test/assignment1/Test_validate_username.c:15:test_validate_my_username:PASS

-----------------------
1 Tests 0 Failures 0 Ignored 
OK
Executing assignment test script
~/Assignment1/Assignment1/assignment-autotest/test/assignment1 ~/Assignment1/Assignment1
~/Assignment1/Assignment1/finder-app ~/Assignment1/Assignment1/assignment-autotest/test/assignment1 ~/Assignment1/Assignment1
FAILED: Missing Parameters
FAILED: Missing Parameters
Using default value AELD_IS_FUN for string to write
Using default value 10 for number of files to write
Writing 10 files containing string AELD_IS_FUN to /tmp/aeld-data
File created Successfully
File created Successfully
File created Successfully
File created Successfully
File created Successfully
File created Successfully
File created Successfully
File created Successfully
File created Successfully
File created Successfully
The number of files are 10 and the number of matching lines are 10
success
Writing 10 files containing string AELD_IS_FUN to /tmp/aeld-data/OesXB0xTlXgmVPt4CGQ5F5EdauJUv7FB
File created Successfully
File created Successfully
File created Successfully
File created Successfully
File created Successfully
File created Successfully
File created Successfully
File created Successfully
File created Successfully
File created Successfully
The number of files are 10 and the number of matching lines are 10
success
Test of assignment assignment1 complete with success
